<?xml version="1.0" encoding="UTF-8"?>
<!-- Generated by org.testng.reporters.JUnitReportReporter -->
<testsuite hostname="Savani" name="com.codingopus.java.maths.IntArrayTest" tests="52" failures="0" timestamp="9 Oct 2016 05:54:03 GMT" time="0.266" errors="0">
  <testcase name="intArray_varargs_check" time="0.000" classname="com.codingopus.java.maths.IntArrayTest"/>
  <testcase name="intArray_add_with_index" time="0.000" classname="com.codingopus.java.maths.IntArrayTest"/>
  <testcase name="intArray_contains_intArray" time="0.000" classname="com.codingopus.java.maths.IntArrayTest"/>
  <testcase name="intArray_distinct_sorted_add_reverse" time="0.016" classname="com.codingopus.java.maths.IntArrayTest"/>
  <testcase name="intArray_collection" time="0.000" classname="com.codingopus.java.maths.IntArrayTest"/>
  <testcase name="intArray_get" time="0.000" classname="com.codingopus.java.maths.IntArrayTest"/>
  <testcase name="intArray_minus_with_intarray_with_null" time="0.000" classname="com.codingopus.java.maths.IntArrayTest"/>
  <testcase name="intArray_plus_with_intarray_with_different_length" time="0.000" classname="com.codingopus.java.maths.IntArrayTest"/>
  <testcase name="intArray_addAll" time="0.094" classname="com.codingopus.java.maths.IntArrayTest"/>
  <testcase name="intArray_max" time="0.016" classname="com.codingopus.java.maths.IntArrayTest"/>
  <testcase name="intArray_get_exception" time="0.000" classname="com.codingopus.java.maths.IntArrayTest"/>
  <testcase name="intArray_evens" time="0.000" classname="com.codingopus.java.maths.IntArrayTest"/>
  <testcase name="intArray_divide_with_intarray_with_null" time="0.000" classname="com.codingopus.java.maths.IntArrayTest"/>
  <testcase name="intArray_addAll_with_null" time="0.000" classname="com.codingopus.java.maths.IntArrayTest"/>
  <testcase name="intArray_multiply_with_intarray_with_null" time="0.000" classname="com.codingopus.java.maths.IntArrayTest"/>
  <testcase name="intArray_plus_with_factor" time="0.000" classname="com.codingopus.java.maths.IntArrayTest"/>
  <testcase name="intArray_indexOf" time="0.016" classname="com.codingopus.java.maths.IntArrayTest"/>
  <testcase name="intArray_size" time="0.000" classname="com.codingopus.java.maths.IntArrayTest"/>
  <testcase name="intArray_multiply_with_intarray_with_same_length" time="0.000" classname="com.codingopus.java.maths.IntArrayTest"/>
  <testcase name="intArray_lastIndexOf" time="0.000" classname="com.codingopus.java.maths.IntArrayTest"/>
  <testcase name="intArray_zeros_check" time="0.000" classname="com.codingopus.java.maths.IntArrayTest"/>
  <testcase name="intArray_toArray" time="0.000" classname="com.codingopus.java.maths.IntArrayTest"/>
  <testcase name="intArray_multiply_with_factor" time="0.016" classname="com.codingopus.java.maths.IntArrayTest"/>
  <testcase name="intArray_clear" time="0.015" classname="com.codingopus.java.maths.IntArrayTest"/>
  <testcase name="intArray_addAll_arrays" time="0.000" classname="com.codingopus.java.maths.IntArrayTest"/>
  <testcase name="intArray_multiply_with_intarray_with_different_length" time="0.000" classname="com.codingopus.java.maths.IntArrayTest"/>
  <testcase name="intArray_size_check" time="0.000" classname="com.codingopus.java.maths.IntArrayTest"/>
  <testcase name="intArray_plusAll" time="0.000" classname="com.codingopus.java.maths.IntArrayTest"/>
  <testcase name="intArray_isEmpty" time="0.000" classname="com.codingopus.java.maths.IntArrayTest"/>
  <testcase name="intArray_divide_with_factor" time="0.000" classname="com.codingopus.java.maths.IntArrayTest"/>
  <testcase name="intArray_reverse" time="0.000" classname="com.codingopus.java.maths.IntArrayTest"/>
  <testcase name="intArray_minus_with_factor" time="0.000" classname="com.codingopus.java.maths.IntArrayTest"/>
  <testcase name="intArray_varargs_check_1" time="0.000" classname="com.codingopus.java.maths.IntArrayTest"/>
  <testcase name="intArray_add" time="0.000" classname="com.codingopus.java.maths.IntArrayTest"/>
  <testcase name="intArray_add_3arrays_distict" time="0.016" classname="com.codingopus.java.maths.IntArrayTest"/>
  <testcase name="intArray_minus_with_intarray_with_same_length" time="0.000" classname="com.codingopus.java.maths.IntArrayTest"/>
  <testcase name="intArray_distinct" time="0.000" classname="com.codingopus.java.maths.IntArrayTest"/>
  <testcase name="intArray_divide_with_intarray_with_different_length" time="0.000" classname="com.codingopus.java.maths.IntArrayTest"/>
  <testcase name="intArray_divide_with_intarray_with_same_length" time="0.000" classname="com.codingopus.java.maths.IntArrayTest"/>
  <testcase name="intArray_contains_value" time="0.016" classname="com.codingopus.java.maths.IntArrayTest"/>
  <testcase name="intArray_plus_with_intarray_with_same_length" time="0.000" classname="com.codingopus.java.maths.IntArrayTest"/>
  <testcase name="intArray_plus_with_intarray_with_null" time="0.016" classname="com.codingopus.java.maths.IntArrayTest"/>
  <testcase name="intArray_ofValue_check" time="0.000" classname="com.codingopus.java.maths.IntArrayTest"/>
  <testcase name="intArray_addAll_intarray" time="0.015" classname="com.codingopus.java.maths.IntArrayTest"/>
  <testcase name="intArray_VALUE_check" time="0.015" classname="com.codingopus.java.maths.IntArrayTest"/>
  <testcase name="intArray_sum" time="0.000" classname="com.codingopus.java.maths.IntArrayTest"/>
  <testcase name="intArray_shuffle" time="0.000" classname="com.codingopus.java.maths.IntArrayTest"/>
  <testcase name="intArray_sort" time="0.000" classname="com.codingopus.java.maths.IntArrayTest"/>
  <testcase name="intArray_minus_with_intarray_with_different_length" time="0.000" classname="com.codingopus.java.maths.IntArrayTest"/>
  <testcase name="intArray_min" time="0.000" classname="com.codingopus.java.maths.IntArrayTest"/>
  <testcase name="intArray_hashcode_equals" time="0.000" classname="com.codingopus.java.maths.IntArrayTest"/>
  <testcase name="intArray_ones_check" time="0.015" classname="com.codingopus.java.maths.IntArrayTest"/>
</testsuite> <!-- com.codingopus.java.maths.IntArrayTest -->
